<?xml version="1.0" encoding="UTF-8"?>
<!-- Generated by org.testng.reporters.JUnitReportReporter -->
<testsuite hostname="LAPTOP-TCIABFM5" failures="0" tests="1" name="TestCase.ThanksTC" time="0.132" errors="0" timestamp="2024-06-26T11:21:42 IST" skipped="0">
  <testcase classname="TestCase.ThanksTC" name="Thankscase" time="0.132"/>
</testsuite> <!-- TestCase.ThanksTC -->
