<?xml version="1.0" encoding="UTF-8"?>
<!-- Generated by org.testng.reporters.JUnitReportReporter -->
<testsuite hostname="LAPTOP-TCIABFM5" failures="0" tests="1" name="TestCase.AddonTC" time="5.338" errors="0" timestamp="2024-06-26T11:21:41 IST" skipped="0">
  <testcase classname="TestCase.AddonTC" name="Addoncase" time="5.338"/>
</testsuite> <!-- TestCase.AddonTC -->
