<?xml version="1.0" encoding="UTF-8"?>
<!-- Generated by org.testng.reporters.JUnitReportReporter -->
<testsuite hostname="LAPTOP-TCIABFM5" failures="0" tests="1" name="TestCase.SearchTC" time="43.308" errors="0" timestamp="2024-06-26T11:21:42 IST" skipped="0">
  <testcase classname="TestCase.SearchTC" name="SearchpageTestcase" time="43.308"/>
</testsuite> <!-- TestCase.SearchTC -->
