<?xml version="1.0" encoding="UTF-8"?>
<!-- Generated by org.testng.reporters.JUnitReportReporter -->
<testsuite hostname="LAPTOP-TCIABFM5" failures="0" tests="1" name="TestCase.FlightResultTC" time="0.508" errors="0" timestamp="2024-06-26T11:21:41 IST" skipped="0">
  <testcase classname="TestCase.FlightResultTC" name="Flightresultcase" time="0.508"/>
</testsuite> <!-- TestCase.FlightResultTC -->
